\BOOKMARK [1][-]{section.1}{Introduction}{}% 1
\BOOKMARK [1][-]{section.2}{Mental Framework}{}% 2
\BOOKMARK [2][-]{subsection.2.1}{Internal Coordinates}{section.2}% 3
\BOOKMARK [2][-]{subsection.2.2}{Cartesian Coordinates}{section.2}% 4
\BOOKMARK [2][-]{subsection.2.3}{Job Submission}{section.2}% 5
\BOOKMARK [1][-]{section.3}{Program Input}{}% 6
\BOOKMARK [2][-]{subsection.3.1}{SIC Example}{section.3}% 7
\BOOKMARK [2][-]{subsection.3.2}{Cartesian Example}{section.3}% 8
\BOOKMARK [2][-]{subsection.3.3}{Gradient Example}{section.3}% 9
\BOOKMARK [1][-]{section.4}{Template Files}{}% 10
\BOOKMARK [2][-]{subsection.4.1}{Molpro}{section.4}% 11
\BOOKMARK [2][-]{subsection.4.2}{spectro}{section.4}% 12
\BOOKMARK [2][-]{subsection.4.3}{intder}{section.4}% 13
\BOOKMARK [2][-]{subsection.4.4}{anpass}{section.4}% 14
\BOOKMARK [1][-]{section.5}{Running the Program}{}% 15
\BOOKMARK [2][-]{subsection.5.1}{Directory Structure}{section.5}% 16
\BOOKMARK [2][-]{subsection.5.2}{Flags}{section.5}% 17
\BOOKMARK [2][-]{subsection.5.3}{Checkpoints}{section.5}% 18
\BOOKMARK [1][-]{section.6}{Troubleshooting}{}% 19
\BOOKMARK [2][-]{subsection.6.1}{Transform Failed}{section.6}% 20
